\BOOKMARK [0][-]{chapter*.4}{\376\377\000L\001\063\000s\000t\000\040\000v\000a\000n\000\040\000f\000i\000g\000u\000r\000e\000n}{}% 1
\BOOKMARK [0][-]{chapter*.5}{\376\377\000L\001\063\000s\000t\000\040\000v\000a\000n\000\040\000t\000a\000b\000e\000l\000l\000e\000n}{}% 2
\BOOKMARK [0][-]{section*.6}{\376\377\000L\000i\000j\000s\000t\000\040\000v\000a\000n\000\040\000c\000o\000d\000e\000f\000r\000a\000g\000m\000e\000n\000t\000e\000n\000\040}{}% 3
\BOOKMARK [0][-]{chapter.1}{\376\377\000I\000n\000l\000e\000i\000d\000i\000n\000g}{}% 4
\BOOKMARK [1][-]{section.1.1}{\376\377\000P\000r\000o\000b\000l\000e\000e\000m\000s\000t\000e\000l\000l\000i\000n\000g}{chapter.1}% 5
\BOOKMARK [1][-]{section.1.2}{\376\377\000O\000n\000d\000e\000r\000z\000o\000e\000k\000s\000v\000r\000a\000a\000g}{chapter.1}% 6
\BOOKMARK [1][-]{section.1.3}{\376\377\000O\000n\000d\000e\000r\000z\000o\000e\000k\000s\000d\000o\000e\000l\000s\000t\000e\000l\000l\000i\000n\000g}{chapter.1}% 7
\BOOKMARK [1][-]{section.1.4}{\376\377\000O\000p\000z\000e\000t\000\040\000v\000a\000n\000\040\000d\000e\000z\000e\000\040\000b\000a\000c\000h\000e\000l\000o\000r\000p\000r\000o\000e\000f}{chapter.1}% 8
\BOOKMARK [0][-]{chapter.2}{\376\377\000S\000t\000a\000n\000d\000\040\000v\000a\000n\000\040\000z\000a\000k\000e\000n}{}% 9
\BOOKMARK [1][-]{section.2.1}{\376\377\000H\000e\000t\000\040\000b\000e\000g\000r\000i\000p\000\040\000m\000a\000i\000n\000f\000r\000a\000m\000e}{chapter.2}% 10
\BOOKMARK [2][-]{subsection.2.1.1}{\376\377\000d\000e\000f\000i\000n\000i\000t\000i\000e\000\040\000v\000a\000n\000\040\000e\000e\000n\000\040\000m\000a\000i\000n\000f\000r\000a\000m\000e}{section.2.1}% 11
\BOOKMARK [1][-]{section.2.2}{\376\377\000B\000e\000l\000a\000n\000g\000r\000i\000j\000k\000s\000t\000e\000\040\000k\000e\000n\000m\000e\000r\000k\000e\000n\000\040\000v\000a\000n\000\040\000e\000e\000n\000\040\000m\000a\000i\000n\000f\000r\000a\000m\000e}{chapter.2}% 12
\BOOKMARK [2][-]{subsection.2.2.1}{\376\377\000V\000e\000i\000l\000i\000g\000h\000e\000i\000d}{section.2.2}% 13
\BOOKMARK [2][-]{subsection.2.2.2}{\376\377\000V\000i\000r\000t\000u\000a\000l\000i\000s\000a\000t\000i\000e}{section.2.2}% 14
\BOOKMARK [2][-]{subsection.2.2.3}{\376\377\000B\000e\000s\000c\000h\000i\000k\000b\000a\000a\000r\000h\000e\000i\000d\000\040\000e\000n\000\040\000b\000e\000t\000r\000o\000u\000w\000b\000a\000a\000r\000h\000e\000i\000d}{section.2.2}% 15
\BOOKMARK [2][-]{subsection.2.2.4}{\376\377\000M\000a\000i\000n\000f\000r\000a\000m\000e\000\040\000A\000I}{section.2.2}% 16
\BOOKMARK [1][-]{section.2.3}{\376\377\000M\000a\000i\000n\000f\000r\000a\000m\000e\000-\000o\000n\000t\000w\000i\000k\000k\000e\000l\000i\000n\000g\000\040\000i\000n\000\040\000e\000e\000n\000\040\000h\000e\000d\000e\000n\000d\000a\000a\000g\000s\000e\000\040\000c\000o\000n\000t\000e\000x\000t}{chapter.2}% 17
\BOOKMARK [1][-]{section.2.4}{\376\377\000S\000k\000i\000l\000l\000s\000\040\000g\000a\000p\000\040\000e\000n\000\040\000v\000e\000r\000g\000r\000i\000j\000z\000i\000n\000g\000\040\000a\000l\000s\000\040\000s\000t\000r\000u\000c\000t\000u\000r\000e\000e\000l\000\040\000p\000r\000o\000b\000l\000e\000e\000m}{chapter.2}% 18
\BOOKMARK [1][-]{section.2.5}{\376\377\000I\000n\000i\000t\000i\000a\000t\000i\000e\000v\000e\000n\000\040\000o\000m\000\040\000i\000n\000s\000t\000r\000o\000o\000m\000\040\000v\000a\000n\000\040\000n\000i\000e\000u\000w\000\040\000t\000a\000l\000e\000n\000t\000\040\000t\000e\000\040\000v\000e\000r\000g\000r\000o\000t\000e\000n}{chapter.2}% 19
\BOOKMARK [1][-]{section.2.6}{\376\377\000O\000n\000b\000o\000a\000r\000d\000i\000n\000g\000\040\000v\000a\000n\000\040\000n\000i\000e\000u\000w\000e\000\040\000o\000n\000t\000w\000i\000k\000k\000e\000l\000a\000a\000r\000s\000\040\000i\000n\000\040\000l\000e\000g\000a\000c\000y\000\040\000o\000m\000g\000e\000v\000i\000n\000g\000e\000n\000\040}{chapter.2}% 20
\BOOKMARK [1][-]{section.2.7}{\376\377\000C\000o\000m\000p\000e\000t\000e\000n\000t\000i\000e\000f\000r\000a\000m\000e\000w\000o\000r\000k\000s\000\040\000a\000l\000s\000\040\000f\000u\000n\000d\000a\000m\000e\000n\000t\000\040\000v\000o\000o\000r\000\040\000o\000p\000l\000e\000i\000d\000i\000n\000g\000s\000o\000p\000b\000o\000u\000w}{chapter.2}% 21
\BOOKMARK [1][-]{section.2.8}{\376\377\000P\000L\000/\000I\000\040\000e\000n\000\040\000C\000I\000C\000S\000\040\000b\000i\000n\000n\000e\000n\000\040\000z\000/\000O\000S\000-\000o\000n\000t\000w\000i\000k\000k\000e\000l\000i\000n\000g}{chapter.2}% 22
\BOOKMARK [1][-]{section.2.9}{\376\377\000N\000o\000o\000d\000\040\000a\000a\000n\000\040\000e\000e\000n\000\040\000P\000L\000/\000I\000\040\000e\000n\000\040\000C\000I\000C\000S\000-\000g\000e\000r\000i\000c\000h\000t\000\040\000f\000r\000a\000m\000e\000w\000o\000r\000k}{chapter.2}% 23
\BOOKMARK [0][-]{chapter.3}{\376\377\000M\000e\000t\000h\000o\000d\000o\000l\000o\000g\000i\000e}{}% 24
\BOOKMARK [1][-]{section.3.1}{\376\377\000O\000p\000b\000o\000u\000w\000\040\000v\000a\000n\000\040\000d\000e\000\040\000m\000e\000t\000h\000o\000d\000o\000l\000o\000g\000i\000e}{chapter.3}% 25
\BOOKMARK [1][-]{section.3.2}{\376\377\000a\000n\000a\000l\000y\000s\000e\000\040\000v\000a\000n\000\040\000c\000o\000m\000p\000e\000t\000e\000n\000t\000i\000e\000s\000\040\000e\000n\000\040\000r\000e\000q\000u\000i\000r\000e\000m\000e\000n\000t\000s\000\040}{chapter.3}% 26
\BOOKMARK [2][-]{subsection.3.2.1}{\376\377\000O\000p\000s\000t\000e\000l\000l\000e\000n\000\040\000i\000n\000i\000t\000e\000e\000l\000\040\000c\000o\000m\000p\000e\000t\000e\000n\000t\000i\000e\000f\000r\000a\000m\000e\000w\000o\000r\000k}{section.3.2}% 27
\BOOKMARK [2][-]{subsection.3.2.2}{\376\377\000I\000n\000t\000e\000r\000v\000i\000e\000u\000w\000s\000\040\000m\000e\000t\000\040\000p\000r\000o\000f\000e\000s\000s\000i\000o\000n\000a\000l\000\040\000u\000i\000t\000\040\000h\000e\000t\000\040\000w\000e\000r\000k\000v\000e\000l\000d}{section.3.2}% 28
\BOOKMARK [1][-]{section.3.3}{\376\377\000o\000n\000t\000w\000i\000k\000k\000e\000l\000e\000n\000\040\000p\000r\000o\000o\000f\000\040\000o\000f\000\040\000c\000o\000n\000c\000e\000p\000t\000\040}{chapter.3}% 29
\BOOKMARK [1][-]{section.3.4}{\376\377\000v\000a\000l\000i\000d\000e\000r\000e\000n\000\040\000c\000o\000m\000p\000e\000t\000e\000n\000t\000i\000e\000f\000r\000a\000m\000e\000w\000o\000r\000k\000\040}{chapter.3}% 30
\BOOKMARK [0][-]{chapter.4}{\376\377\000i\000n\000t\000e\000r\000v\000i\000e\000u\000w\000s}{}% 31
\BOOKMARK [1][-]{section.4.1}{\376\377\000S\000t\000r\000u\000c\000t\000u\000u\000r\000\040\000e\000n\000\040\000o\000p\000b\000o\000u\000w\000\040\000v\000a\000n\000\040\000d\000e\000\040\000i\000n\000t\000e\000r\000v\000i\000e\000u\000w\000s}{chapter.4}% 32
\BOOKMARK [1][-]{section.4.2}{\376\377\000a\000n\000t\000w\000o\000o\000r\000d\000e\000n\000\040\000v\000a\000n\000\040\000p\000r\000o\000f\000e\000s\000s\000i\000o\000n\000a\000l\000s}{chapter.4}% 33
\BOOKMARK [1][-]{section.4.3}{\376\377\000C\000o\000n\000c\000l\000u\000s\000i\000e\000\040\000v\000a\000n\000\040\000d\000e\000\040\000i\000n\000t\000e\000r\000v\000i\000e\000u\000w\000s}{chapter.4}% 34
\BOOKMARK [0][-]{chapter.5}{\376\377\000F\000r\000a\000m\000e\000w\000o\000r\000k\000\040\000e\000n\000\040\000P\000o\000C}{}% 35
\BOOKMARK [1][-]{section.5.1}{\376\377\000S\000t\000r\000u\000c\000t\000u\000u\000r\000\040\000e\000n\000\040\000o\000p\000b\000o\000u\000w\000\040\000v\000a\000n\000\040\000h\000e\000t\000\040\000f\000r\000a\000m\000e\000w\000o\000r\000k}{chapter.5}% 36
\BOOKMARK [1][-]{section.5.2}{\376\377\000S\000t\000r\000u\000c\000t\000u\000u\000r\000\040\000e\000n\000\040\000o\000p\000b\000o\000u\000w\000\040\000v\000a\000n\000\040\000d\000e\000\040\000P\000o\000C\000\040\000l\000e\000e\000r\000s\000i\000t\000e}{chapter.5}% 37
\BOOKMARK [2][-]{subsection.5.2.1}{\376\377\000B\000e\000p\000a\000l\000e\000n\000\040\000t\000e\000c\000h\000n\000o\000l\000o\000g\000i\000e\000n}{section.5.2}% 38
\BOOKMARK [2][-]{subsection.5.2.2}{\376\377\000M\000o\000d\000u\000l\000e\000s\000\040\000i\000n\000\040\000d\000e\000\040\000l\000e\000e\000r\000s\000i\000t\000e}{section.5.2}% 39
\BOOKMARK [2][-]{subsection.5.2.3}{\376\377\000B\000e\000p\000a\000l\000e\000n\000\040\000o\000p\000b\000o\000u\000w\000\040\000v\000a\000n\000\040\000d\000e\000\040\000m\000o\000d\000u\000l\000e\000s}{section.5.2}% 40
\BOOKMARK [1][-]{section.5.3}{\376\377\000c\000o\000m\000p\000e\000t\000e\000n\000t\000i\000e\000s\000\040\000l\000e\000a\000r\000n\000e\000d\000\040\000i\000n\000\040\000p\000r\000o\000o\000f\000\040\000o\000f\000\040\000c\000o\000n\000c\000e\000p\000t}{chapter.5}% 41
\BOOKMARK [0][-]{chapter.6}{\376\377\000C\000o\000n\000c\000l\000u\000s\000i\000e}{}% 42
\BOOKMARK [0][-]{appendix.A}{\376\377\000O\000n\000d\000e\000r\000z\000o\000e\000k\000s\000v\000o\000o\000r\000s\000t\000e\000l}{}% 43
\BOOKMARK [1][-]{section.A.1}{\376\377\000I\000n\000l\000e\000i\000d\000i\000n\000g}{appendix.A}% 44
\BOOKMARK [2][-]{subsection.A.1.1}{\376\377\000P\000r\000o\000b\000l\000e\000e\000m\000s\000t\000e\000l\000l\000i\000n\000g\000\040\000e\000n\000\040\000o\000n\000d\000e\000r\000z\000o\000e\000k\000s\000v\000r\000a\000g\000e\000n}{section.A.1}% 45
\BOOKMARK [2][-]{subsection.A.1.2}{\376\377\000D\000o\000e\000l\000g\000r\000o\000e\000p}{section.A.1}% 46
\BOOKMARK [2][-]{subsection.A.1.3}{\376\377\000D\000o\000e\000l\000s\000t\000e\000l\000l\000i\000n\000g}{section.A.1}% 47
\BOOKMARK [1][-]{section.A.2}{\376\377\000L\000i\000t\000e\000r\000a\000t\000u\000u\000r\000s\000t\000u\000d\000i\000e}{appendix.A}% 48
\BOOKMARK [1][-]{section.A.3}{\376\377\000M\000e\000t\000h\000o\000d\000o\000l\000o\000g\000i\000e}{appendix.A}% 49
\BOOKMARK [2][-]{subsection.A.3.1}{\376\377\000L\000i\000t\000e\000r\000a\000t\000u\000u\000r\000s\000t\000u\000d\000i\000e\000\040\000e\000n\000\040\000i\000n\000t\000e\000r\000v\000i\000e\000w\000s}{section.A.3}% 50
\BOOKMARK [2][-]{subsection.A.3.2}{\376\377\000O\000p\000s\000t\000e\000l\000l\000e\000n\000\040\000f\000r\000a\000m\000e\000w\000o\000r\000k\000\040\000e\000n\000\040\000P\000o\000C}{section.A.3}% 51
\BOOKMARK [2][-]{subsection.A.3.3}{\376\377\000R\000a\000p\000p\000o\000r\000t\000e\000r\000e\000n\000\040\000p\000a\000p\000e\000r}{section.A.3}% 52
\BOOKMARK [1][-]{section.A.4}{\376\377\000V\000e\000r\000w\000a\000c\000h\000t\000\040\000r\000e\000s\000u\000l\000t\000a\000a\000t\000,\000\040\000c\000o\000n\000c\000l\000u\000s\000i\000e}{appendix.A}% 53
\BOOKMARK [0][-]{appendix*.9}{\376\377\000B\000i\000b\000l\000i\000o\000g\000r\000a\000f\000i\000e}{}% 54
